<?xml version="1.0" encoding="UTF-8"?>
<coverage generated="1643340304067" clover="3.2.0">
  <project timestamp="1643340304067" name="All files">
    <metrics statements="20" coveredstatements="20" conditionals="2" coveredconditionals="2" methods="9" coveredmethods="9" elements="31" coveredelements="31" complexity="0" loc="20" ncloc="20" packages="2" files="3" classes="3"/>
    <package name="components">
      <metrics statements="8" coveredstatements="8" conditionals="0" coveredconditionals="0" methods="5" coveredmethods="5"/>
      <file name="HelloJest.vue" path="C:\Users\liebe\Documents\Gridwiz\development\vue-jest-second\client\src\components\HelloJest.vue">
        <metrics statements="6" coveredstatements="6" conditionals="0" coveredconditionals="0" methods="5" coveredmethods="5"/>
        <line num="14" count="2" type="stmt"/>
        <line num="18" count="9" type="stmt"/>
        <line num="32" count="9" type="stmt"/>
        <line num="35" count="9" type="stmt"/>
        <line num="38" count="9" type="stmt"/>
        <line num="41" count="9" type="stmt"/>
      </file>
      <file name="HelloWorld.vue" path="C:\Users\liebe\Documents\Gridwiz\development\vue-jest-second\client\src\components\HelloWorld.vue">
        <metrics statements="2" coveredstatements="2" conditionals="0" coveredconditionals="0" methods="0" coveredmethods="0"/>
        <line num="122" count="1" type="stmt"/>
        <line num="124" count="1" type="stmt"/>
      </file>
    </package>
    <package name="utils">
      <metrics statements="12" coveredstatements="12" conditionals="2" coveredconditionals="2" methods="4" coveredmethods="4"/>
      <file name="testUtil.ts" path="C:\Users\liebe\Documents\Gridwiz\development\vue-jest-second\client\src\utils\testUtil.ts">
        <metrics statements="12" coveredstatements="12" conditionals="2" coveredconditionals="2" methods="4" coveredmethods="4"/>
        <line num="1" count="1" type="stmt"/>
        <line num="3" count="1" type="stmt"/>
        <line num="4" count="2" type="stmt"/>
        <line num="6" count="2" type="stmt"/>
        <line num="7" count="2" type="stmt"/>
        <line num="8" count="2" type="stmt"/>
        <line num="9" count="2" type="stmt"/>
        <line num="10" count="2" type="cond" truecount="2" falsecount="0"/>
        <line num="11" count="1" type="stmt"/>
        <line num="13" count="1" type="stmt"/>
        <line num="20" count="2" type="stmt"/>
        <line num="24" count="1" type="stmt"/>
      </file>
    </package>
  </project>
</coverage>
