{"C:\\Users\\liebe\\Documents\\Gridwiz\\development\\vue-jest-second\\client\\src\\components\\HelloJest.vue": {"path":"C:\\Users\\liebe\\Documents\\Gridwiz\\development\\vue-jest-second\\client\\src\\components\\HelloJest.vue","statementMap":{"0":{"start":{"line":14,"column":15},"end":{"line":14,"column":null}},"1":{"start":{"line":18,"column":4},"end":{"line":18,"column":11}},"2":{"start":{"line":32,"column":6},"end":{"line":32,"column":13}},"3":{"start":{"line":35,"column":6},"end":{"line":35,"column":13}},"4":{"start":{"line":38,"column":6},"end":{"line":38,"column":13}},"5":{"start":{"line":41,"column":6},"end":{"line":41,"column":13}}},"fnMap":{"0":{"name":"(anonymous_0)","decl":{"start":{"line":17,"column":2},"end":{"line":17,"column":6}},"loc":{"start":{"line":17,"column":10},"end":{"line":22,"column":null}}},"1":{"name":"(anonymous_1)","decl":{"start":{"line":31,"column":4},"end":{"line":31,"column":15}},"loc":{"start":{"line":31,"column":19},"end":{"line":33,"column":null}}},"2":{"name":"(anonymous_2)","decl":{"start":{"line":34,"column":4},"end":{"line":34,"column":20}},"loc":{"start":{"line":34,"column":24},"end":{"line":36,"column":null}}},"3":{"name":"(anonymous_3)","decl":{"start":{"line":37,"column":4},"end":{"line":37,"column":12}},"loc":{"start":{"line":37,"column":16},"end":{"line":39,"column":null}}},"4":{"name":"(anonymous_4)","decl":{"start":{"line":40,"column":4},"end":{"line":40,"column":17}},"loc":{"start":{"line":40,"column":21},"end":{"line":42,"column":null}}}},"branchMap":{},"s":{"0":2,"1":9,"2":9,"3":9,"4":9,"5":9},"f":{"0":9,"1":9,"2":9,"3":9,"4":9},"b":{}}
,"C:\\Users\\liebe\\Documents\\Gridwiz\\development\\vue-jest-second\\client\\src\\components\\HelloWorld.vue": {"path":"C:\\Users\\liebe\\Documents\\Gridwiz\\development\\vue-jest-second\\client\\src\\components\\HelloWorld.vue","statementMap":{"0":{"start":{"line":122,"column":0},"end":{"line":122,"column":null}},"1":{"start":{"line":124,"column":15},"end":{"line":124,"column":31}}},"fnMap":{},"branchMap":{},"s":{"0":1,"1":1},"f":{},"b":{}}
,"C:\\Users\\liebe\\Documents\\Gridwiz\\development\\vue-jest-second\\client\\src\\utils\\testUtil.ts": {"path":"C:\\Users\\liebe\\Documents\\Gridwiz\\development\\vue-jest-second\\client\\src\\utils\\testUtil.ts","statementMap":{"0":{"start":{"line":1,"column":0},"end":{"line":1,"column":null}},"1":{"start":{"line":3,"column":18},"end":{"line":21,"column":null}},"2":{"start":{"line":4,"column":42},"end":{"line":4,"column":46}},"3":{"start":{"line":6,"column":18},"end":{"line":17,"column":null}},"4":{"start":{"line":7,"column":4},"end":{"line":7,"column":11}},"5":{"start":{"line":8,"column":6},"end":{"line":8,"column":16}},"6":{"start":{"line":9,"column":8},"end":{"line":9,"column":17}},"7":{"start":{"line":10,"column":8},"end":{"line":14,"column":null}},"8":{"start":{"line":11,"column":10},"end":{"line":11,"column":16}},"9":{"start":{"line":13,"column":10},"end":{"line":13,"column":17}},"10":{"start":{"line":20,"column":2},"end":{"line":20,"column":9}},"11":{"start":{"line":24,"column":15},"end":{"line":24,"column":null}}},"fnMap":{"0":{"name":"(anonymous_0)","decl":{"start":{"line":3,"column":18},"end":{"line":3,"column":23}},"loc":{"start":{"line":3,"column":23},"end":{"line":21,"column":null}}},"1":{"name":"(anonymous_1)","decl":{"start":{"line":6,"column":18},"end":{"line":6,"column":34}},"loc":{"start":{"line":6,"column":34},"end":{"line":17,"column":null}}},"2":{"name":"(anonymous_2)","decl":{"start":{"line":7,"column":23},"end":{"line":7,"column":24}},"loc":{"start":{"line":7,"column":43},"end":{"line":16,"column":null}}},"3":{"name":"(anonymous_3)","decl":{"start":{"line":8,"column":17},"end":{"line":8,"column":22}},"loc":{"start":{"line":8,"column":22},"end":{"line":15,"column":9}}}},"branchMap":{"0":{"loc":{"start":{"line":10,"column":8},"end":{"line":14,"column":null}},"type":"if","locations":[{"start":{"line":10,"column":8},"end":{"line":14,"column":null}},{"start":{"line":10,"column":8},"end":{"line":14,"column":null}}]}},"s":{"0":1,"1":1,"2":2,"3":2,"4":2,"5":2,"6":2,"7":2,"8":1,"9":1,"10":2,"11":1},"f":{"0":2,"1":2,"2":2,"3":2},"b":{"0":[1,1]}}
}
