TN:
SF:C:\Users\liebe\Documents\Gridwiz\development\vue-jest-second\client\src\components\HelloJest.vue
FN:17,(anonymous_0)
FN:31,(anonymous_1)
FN:34,(anonymous_2)
FN:37,(anonymous_3)
FN:40,(anonymous_4)
FNF:5
FNH:5
FNDA:9,(anonymous_0)
FNDA:9,(anonymous_1)
FNDA:9,(anonymous_2)
FNDA:9,(anonymous_3)
FNDA:9,(anonymous_4)
DA:14,2
DA:18,9
DA:32,9
DA:35,9
DA:38,9
DA:41,9
LF:6
LH:6
BRF:0
BRH:0
end_of_record
TN:
SF:C:\Users\liebe\Documents\Gridwiz\development\vue-jest-second\client\src\components\HelloWorld.vue
FNF:0
FNH:0
DA:122,1
DA:124,1
LF:2
LH:2
BRF:0
BRH:0
end_of_record
TN:
SF:C:\Users\liebe\Documents\Gridwiz\development\vue-jest-second\client\src\utils\testUtil.ts
FN:3,(anonymous_0)
FN:6,(anonymous_1)
FN:7,(anonymous_2)
FN:8,(anonymous_3)
FNF:4
FNH:4
FNDA:2,(anonymous_0)
FNDA:2,(anonymous_1)
FNDA:2,(anonymous_2)
FNDA:2,(anonymous_3)
DA:1,1
DA:3,1
DA:4,2
DA:6,2
DA:7,2
DA:8,2
DA:9,2
DA:10,2
DA:11,1
DA:13,1
DA:20,2
DA:24,1
LF:12
LH:12
BRDA:10,0,0,1
BRDA:10,0,1,1
BRF:2
BRH:2
end_of_record
